[2015-06-23 07:20:41] local.ERROR: exception 'ErrorException' with message 'array_replace_recursive(): Argument #1 is not an array' in /Library/WebServer/Documents/laravel5/public/phpGrid_Enterprise/server/classes/cls_datagrid.php:2735
Stack trace:
#0 [internal function]: Illuminate\Foundation\Bootstrap\HandleExceptions->handleError(2, 'array_replace_r...', '/Library/WebSer...', 2735, Array)
#1 /Library/WebServer/Documents/laravel5/public/phpGrid_Enterprise/server/classes/cls_datagrid.php(2735): array_replace_recursive('cmTemplate', Array)
#2 /Library/WebServer/Documents/laravel5/app/Http/routes.php(25): C_DataGrid->set_grid_property('cmTemplate', Array)
#3 [internal function]: App\Providers\RouteServiceProvider->{closure}()
#4 /Library/WebServer/Documents/laravel5/vendor/laravel/framework/src/Illuminate/Routing/Route.php(153): call_user_func_array(Object(Closure), Array)
#5 /Library/WebServer/Documents/laravel5/vendor/laravel/framework/src/Illuminate/Routing/Route.php(128): Illuminate\Routing\Route->runCallable(Object(Illuminate\Http\Request))
#6 /Library/WebServer/Documents/laravel5/vendor/laravel/framework/src/Illuminate/Routing/Router.php(691): Illuminate\Routing\Route->run(Object(Illuminate\Http\Request))
#7 [internal function]: Illuminate\Routing\Router->Illuminate\Routing\{closure}(Object(Illuminate\Http\Request))
#8 /Library/WebServer/Documents/laravel5/vendor/laravel/framework/src/Illuminate/Pipeline/Pipeline.php(141): call_user_func(Object(Closure), Object(Illuminate\Http\Request))
#9 [internal function]: Illuminate\Pipeline\Pipeline->Illuminate\Pipeline\{closure}(Object(Illuminate\Http\Request))
#10 /Library/WebServer/Documents/laravel5/vendor/laravel/framework/src/Illuminate/Pipeline/Pipeline.php(101): call_user_func(Object(Closure), Object(Illuminate\Http\Request))
#11 /Library/WebServer/Documents/laravel5/vendor/laravel/framework/src/Illuminate/Routing/Router.php(693): Illuminate\Pipeline\Pipeline->then(Object(Closure))
#12 /Library/WebServer/Documents/laravel5/vendor/laravel/framework/src/Illuminate/Routing/Router.php(660): Illuminate\Routing\Router->runRouteWithinStack(Object(Illuminate\Routing\Route), Object(Illuminate\Http\Request))
#13 /Library/WebServer/Documents/laravel5/vendor/laravel/framework/src/Illuminate/Routing/Router.php(618): Illuminate\Routing\Router->dispatchToRoute(Object(Illuminate\Http\Request))
#14 /Library/WebServer/Documents/laravel5/vendor/laravel/framework/src/Illuminate/Foundation/Http/Kernel.php(210): Illuminate\Routing\Router->dispatch(Object(Illuminate\Http\Request))
#15 [internal function]: Illuminate\Foundation\Http\Kernel->Illuminate\Foundation\Http\{closure}(Object(Illuminate\Http\Request))
#16 /Library/WebServer/Documents/laravel5/vendor/laravel/framework/src/Illuminate/Pipeline/Pipeline.php(141): call_user_func(Object(Closure), Object(Illuminate\Http\Request))
#17 /Library/WebServer/Documents/laravel5/vendor/laravel/framework/src/Illuminate/Foundation/Http/Middleware/VerifyCsrfToken.php(43): Illuminate\Pipeline\Pipeline->Illuminate\Pipeline\{closure}(Object(Illuminate\Http\Request))
#18 /Library/WebServer/Documents/laravel5/app/Http/Middleware/VerifyCsrfToken.php(17): Illuminate\Foundation\Http\Middleware\VerifyCsrfToken->handle(Object(Illuminate\Http\Request), Object(Closure))
#19 /Library/WebServer/Documents/laravel5/vendor/laravel/framework/src/Illuminate/Pipeline/Pipeline.php(125): App\Http\Middleware\VerifyCsrfToken->handle(Object(Illuminate\Http\Request), Object(Closure))
#20 /Library/WebServer/Documents/laravel5/vendor/laravel/framework/src/Illuminate/View/Middleware/ShareErrorsFromSession.php(55): Illuminate\Pipeline\Pipeline->Illuminate\Pipeline\{closure}(Object(Illuminate\Http\Request))
#21 /Library/WebServer/Documents/laravel5/vendor/laravel/framework/src/Illuminate/Pipeline/Pipeline.php(125): Illuminate\View\Middleware\ShareErrorsFromSession->handle(Object(Illuminate\Http\Request), Object(Closure))
#22 /Library/WebServer/Documents/laravel5/vendor/laravel/framework/src/Illuminate/Session/Middleware/StartSession.php(61): Illuminate\Pipeline\Pipeline->Illuminate\Pipeline\{closure}(Object(Illuminate\Http\Request))
#23 /Library/WebServer/Documents/laravel5/vendor/laravel/framework/src/Illuminate/Pipeline/Pipeline.php(125): Illuminate\Session\Middleware\StartSession->handle(Object(Illuminate\Http\Request), Object(Closure))
#24 /Library/WebServer/Documents/laravel5/vendor/laravel/framework/src/Illuminate/Cookie/Middleware/AddQueuedCookiesToResponse.php(36): Illuminate\Pipeline\Pipeline->Illuminate\Pipeline\{closure}(Object(Illuminate\Http\Request))
#25 /Library/WebServer/Documents/laravel5/vendor/laravel/framework/src/Illuminate/Pipeline/Pipeline.php(125): Illuminate\Cookie\Middleware\AddQueuedCookiesToResponse->handle(Object(Illuminate\Http\Request), Object(Closure))
#26 /Library/WebServer/Documents/laravel5/vendor/laravel/framework/src/Illuminate/Cookie/Middleware/EncryptCookies.php(40): Illuminate\Pipeline\Pipeline->Illuminate\Pipeline\{closure}(Object(Illuminate\Http\Request))
#27 /Library/WebServer/Documents/laravel5/vendor/laravel/framework/src/Illuminate/Pipeline/Pipeline.php(125): Illuminate\Cookie\Middleware\EncryptCookies->handle(Object(Illuminate\Http\Request), Object(Closure))
#28 /Library/WebServer/Documents/laravel5/vendor/laravel/framework/src/Illuminate/Foundation/Http/Middleware/CheckForMaintenanceMode.php(42): Illuminate\Pipeline\Pipeline->Illuminate\Pipeline\{closure}(Object(Illuminate\Http\Request))
#29 /Library/WebServer/Documents/laravel5/vendor/laravel/framework/src/Illuminate/Pipeline/Pipeline.php(125): Illuminate\Foundation\Http\Middleware\CheckForMaintenanceMode->handle(Object(Illuminate\Http\Request), Object(Closure))
#30 [internal function]: Illuminate\Pipeline\Pipeline->Illuminate\Pipeline\{closure}(Object(Illuminate\Http\Request))
#31 /Library/WebServer/Documents/laravel5/vendor/laravel/framework/src/Illuminate/Pipeline/Pipeline.php(101): call_user_func(Object(Closure), Object(Illuminate\Http\Request))
#32 /Library/WebServer/Documents/laravel5/vendor/laravel/framework/src/Illuminate/Foundation/Http/Kernel.php(111): Illuminate\Pipeline\Pipeline->then(Object(Closure))
#33 /Library/WebServer/Documents/laravel5/vendor/laravel/framework/src/Illuminate/Foundation/Http/Kernel.php(84): Illuminate\Foundation\Http\Kernel->sendRequestThroughRouter(Object(Illuminate\Http\Request))
#34 /Library/WebServer/Documents/laravel5/public/index.php(53): Illuminate\Foundation\Http\Kernel->handle(Object(Illuminate\Http\Request))
#35 {main}  
[2015-06-23 07:32:17] local.ERROR: exception 'Symfony\Component\Debug\Exception\FatalErrorException' with message 'App\Providers\RouteServiceProvider::{closure}(): Failed opening required '/Library/WebServer/Documents/laravel5/public/phpGrid_Enterprise/conf.php' (include_path='/Library/WebServer/Documents/laravel5/vendor/phpunit/php-text-template:/Library/WebServer/Documents/laravel5/vendor/phpunit/php-timer:/Library/WebServer/Documents/laravel5/vendor/phpunit/php-file-iterator:.:/usr/local/Cellar/php54/5.4.35/lib/php')' in /Library/WebServer/Documents/laravel5/app/Http/routes.php:19
Stack trace:
#0 {main}  
