[2015-06-09 01:46:06] local.ERROR: exception 'ErrorException' with message 'mysqli_real_connect(): (HY000/2002): Connection refused' in /Library/WebServer/Documents/laravel5/public/phpGrid_Enterprise/server/adodb5/drivers/adodb-mysqli.inc.php:117
Stack trace:
#0 [internal function]: Illuminate\Foundation\Bootstrap\HandleExceptions->handleError(2, 'mysqli_real_con...', '/Library/WebSer...', 117, Array)
#1 /Library/WebServer/Documents/laravel5/public/phpGrid_Enterprise/server/adodb5/drivers/adodb-mysqli.inc.php(117): mysqli_real_connect(Object(mysqli), 'localhost:3306', 'root', '', 'sampledb', 0, '', 0)
#2 /Library/WebServer/Documents/laravel5/public/phpGrid_Enterprise/server/adodb5/adodb.inc.php(550): ADODB_mysqli->_connect('localhost:3306', 'root', '', 'sampledb')
#3 /Library/WebServer/Documents/laravel5/public/phpGrid_Enterprise/server/classes/cls_db.php(120): ADOConnection->Connect('localhost:3306', 'root', '', 'sampledb')
#4 /Library/WebServer/Documents/laravel5/public/phpGrid_Enterprise/server/classes/cls_db.php(24): C_Database->_db_connect()
#5 /Library/WebServer/Documents/laravel5/public/phpGrid_Enterprise/server/classes/cls_datagrid.php(152): C_Database->__construct('localhost:3306', 'root', '', 'sampledb', 'mysql', 'utf8')
#6 /Library/WebServer/Documents/laravel5/app/Http/routes.php(21): C_DataGrid->__construct('SELECT * FROM o...', 'orderNumber', 'orders')
#7 [internal function]: App\Providers\RouteServiceProvider->{closure}()
#8 /Library/WebServer/Documents/laravel5/vendor/laravel/framework/src/Illuminate/Routing/Route.php(153): call_user_func_array(Object(Closure), Array)
#9 /Library/WebServer/Documents/laravel5/vendor/laravel/framework/src/Illuminate/Routing/Route.php(128): Illuminate\Routing\Route->runCallable(Object(Illuminate\Http\Request))
#10 /Library/WebServer/Documents/laravel5/vendor/laravel/framework/src/Illuminate/Routing/Router.php(691): Illuminate\Routing\Route->run(Object(Illuminate\Http\Request))
#11 [internal function]: Illuminate\Routing\Router->Illuminate\Routing\{closure}(Object(Illuminate\Http\Request))
#12 /Library/WebServer/Documents/laravel5/vendor/laravel/framework/src/Illuminate/Pipeline/Pipeline.php(141): call_user_func(Object(Closure), Object(Illuminate\Http\Request))
#13 [internal function]: Illuminate\Pipeline\Pipeline->Illuminate\Pipeline\{closure}(Object(Illuminate\Http\Request))
#14 /Library/WebServer/Documents/laravel5/vendor/laravel/framework/src/Illuminate/Pipeline/Pipeline.php(101): call_user_func(Object(Closure), Object(Illuminate\Http\Request))
#15 /Library/WebServer/Documents/laravel5/vendor/laravel/framework/src/Illuminate/Routing/Router.php(693): Illuminate\Pipeline\Pipeline->then(Object(Closure))
#16 /Library/WebServer/Documents/laravel5/vendor/laravel/framework/src/Illuminate/Routing/Router.php(660): Illuminate\Routing\Router->runRouteWithinStack(Object(Illuminate\Routing\Route), Object(Illuminate\Http\Request))
#17 /Library/WebServer/Documents/laravel5/vendor/laravel/framework/src/Illuminate/Routing/Router.php(618): Illuminate\Routing\Router->dispatchToRoute(Object(Illuminate\Http\Request))
#18 /Library/WebServer/Documents/laravel5/vendor/laravel/framework/src/Illuminate/Foundation/Http/Kernel.php(210): Illuminate\Routing\Router->dispatch(Object(Illuminate\Http\Request))
#19 [internal function]: Illuminate\Foundation\Http\Kernel->Illuminate\Foundation\Http\{closure}(Object(Illuminate\Http\Request))
#20 /Library/WebServer/Documents/laravel5/vendor/laravel/framework/src/Illuminate/Pipeline/Pipeline.php(141): call_user_func(Object(Closure), Object(Illuminate\Http\Request))
#21 /Library/WebServer/Documents/laravel5/vendor/laravel/framework/src/Illuminate/Foundation/Http/Middleware/VerifyCsrfToken.php(43): Illuminate\Pipeline\Pipeline->Illuminate\Pipeline\{closure}(Object(Illuminate\Http\Request))
#22 /Library/WebServer/Documents/laravel5/app/Http/Middleware/VerifyCsrfToken.php(17): Illuminate\Foundation\Http\Middleware\VerifyCsrfToken->handle(Object(Illuminate\Http\Request), Object(Closure))
#23 /Library/WebServer/Documents/laravel5/vendor/laravel/framework/src/Illuminate/Pipeline/Pipeline.php(125): App\Http\Middleware\VerifyCsrfToken->handle(Object(Illuminate\Http\Request), Object(Closure))
#24 /Library/WebServer/Documents/laravel5/vendor/laravel/framework/src/Illuminate/View/Middleware/ShareErrorsFromSession.php(55): Illuminate\Pipeline\Pipeline->Illuminate\Pipeline\{closure}(Object(Illuminate\Http\Request))
#25 /Library/WebServer/Documents/laravel5/vendor/laravel/framework/src/Illuminate/Pipeline/Pipeline.php(125): Illuminate\View\Middleware\ShareErrorsFromSession->handle(Object(Illuminate\Http\Request), Object(Closure))
#26 /Library/WebServer/Documents/laravel5/vendor/laravel/framework/src/Illuminate/Session/Middleware/StartSession.php(61): Illuminate\Pipeline\Pipeline->Illuminate\Pipeline\{closure}(Object(Illuminate\Http\Request))
#27 /Library/WebServer/Documents/laravel5/vendor/laravel/framework/src/Illuminate/Pipeline/Pipeline.php(125): Illuminate\Session\Middleware\StartSession->handle(Object(Illuminate\Http\Request), Object(Closure))
#28 /Library/WebServer/Documents/laravel5/vendor/laravel/framework/src/Illuminate/Cookie/Middleware/AddQueuedCookiesToResponse.php(36): Illuminate\Pipeline\Pipeline->Illuminate\Pipeline\{closure}(Object(Illuminate\Http\Request))
#29 /Library/WebServer/Documents/laravel5/vendor/laravel/framework/src/Illuminate/Pipeline/Pipeline.php(125): Illuminate\Cookie\Middleware\AddQueuedCookiesToResponse->handle(Object(Illuminate\Http\Request), Object(Closure))
#30 /Library/WebServer/Documents/laravel5/vendor/laravel/framework/src/Illuminate/Cookie/Middleware/EncryptCookies.php(40): Illuminate\Pipeline\Pipeline->Illuminate\Pipeline\{closure}(Object(Illuminate\Http\Request))
#31 /Library/WebServer/Documents/laravel5/vendor/laravel/framework/src/Illuminate/Pipeline/Pipeline.php(125): Illuminate\Cookie\Middleware\EncryptCookies->handle(Object(Illuminate\Http\Request), Object(Closure))
#32 /Library/WebServer/Documents/laravel5/vendor/laravel/framework/src/Illuminate/Foundation/Http/Middleware/CheckForMaintenanceMode.php(42): Illuminate\Pipeline\Pipeline->Illuminate\Pipeline\{closure}(Object(Illuminate\Http\Request))
#33 /Library/WebServer/Documents/laravel5/vendor/laravel/framework/src/Illuminate/Pipeline/Pipeline.php(125): Illuminate\Foundation\Http\Middleware\CheckForMaintenanceMode->handle(Object(Illuminate\Http\Request), Object(Closure))
#34 [internal function]: Illuminate\Pipeline\Pipeline->Illuminate\Pipeline\{closure}(Object(Illuminate\Http\Request))
#35 /Library/WebServer/Documents/laravel5/vendor/laravel/framework/src/Illuminate/Pipeline/Pipeline.php(101): call_user_func(Object(Closure), Object(Illuminate\Http\Request))
#36 /Library/WebServer/Documents/laravel5/vendor/laravel/framework/src/Illuminate/Foundation/Http/Kernel.php(111): Illuminate\Pipeline\Pipeline->then(Object(Closure))
#37 /Library/WebServer/Documents/laravel5/vendor/laravel/framework/src/Illuminate/Foundation/Http/Kernel.php(84): Illuminate\Foundation\Http\Kernel->sendRequestThroughRouter(Object(Illuminate\Http\Request))
#38 /Library/WebServer/Documents/laravel5/public/index.php(53): Illuminate\Foundation\Http\Kernel->handle(Object(Illuminate\Http\Request))
#39 {main}  
[2015-06-09 15:16:06] local.ERROR: exception 'Symfony\Component\Debug\Exception\FatalErrorException' with message 'Class 'App\Http\Controllers\C_DataGrid' not found' in /Library/WebServer/Documents/laravel5/app/Http/Controllers/DashboardController.php:35
Stack trace:
#0 {main}  
[2015-06-09 15:16:07] local.ERROR: exception 'Symfony\Component\Debug\Exception\FatalErrorException' with message 'Class 'App\Http\Controllers\C_DataGrid' not found' in /Library/WebServer/Documents/laravel5/app/Http/Controllers/DashboardController.php:35
Stack trace:
#0 {main}  
[2015-06-09 15:16:07] local.ERROR: exception 'Symfony\Component\Debug\Exception\FatalErrorException' with message 'Class 'App\Http\Controllers\C_DataGrid' not found' in /Library/WebServer/Documents/laravel5/app/Http/Controllers/DashboardController.php:35
Stack trace:
#0 {main}  
[2015-06-09 15:16:08] local.ERROR: exception 'Symfony\Component\Debug\Exception\FatalErrorException' with message 'Class 'App\Http\Controllers\C_DataGrid' not found' in /Library/WebServer/Documents/laravel5/app/Http/Controllers/DashboardController.php:35
Stack trace:
#0 {main}  
[2015-06-09 15:23:09] local.ERROR: exception 'Symfony\Component\Debug\Exception\FatalErrorException' with message 'Class 'App\Http\Controllers\C_DataGrid' not found' in /Library/WebServer/Documents/laravel5/app/Http/Controllers/DashboardController.php:35
Stack trace:
#0 {main}  
[2015-06-09 15:23:13] local.ERROR: exception 'Symfony\Component\Debug\Exception\FatalErrorException' with message 'Class 'App\Http\Controllers\C_DataGrid' not found' in /Library/WebServer/Documents/laravel5/app/Http/Controllers/DashboardController.php:35
Stack trace:
#0 {main}  
[2015-06-09 15:23:13] local.ERROR: exception 'Symfony\Component\Debug\Exception\FatalErrorException' with message 'Class 'App\Http\Controllers\C_DataGrid' not found' in /Library/WebServer/Documents/laravel5/app/Http/Controllers/DashboardController.php:35
Stack trace:
#0 {main}  
[2015-06-09 15:23:18] local.ERROR: exception 'Symfony\Component\Debug\Exception\FatalErrorException' with message 'Class 'App\Http\Controllers\C_DataGrid' not found' in /Library/WebServer/Documents/laravel5/app/Http/Controllers/DashboardController.php:35
Stack trace:
#0 {main}  
[2015-06-09 15:23:19] local.ERROR: exception 'Symfony\Component\Debug\Exception\FatalErrorException' with message 'Class 'App\Http\Controllers\C_DataGrid' not found' in /Library/WebServer/Documents/laravel5/app/Http/Controllers/DashboardController.php:35
Stack trace:
#0 {main}  
[2015-06-09 15:34:41] local.ERROR: exception 'Symfony\Component\Debug\Exception\FatalErrorException' with message 'syntax error, unexpected 'public' (T_PUBLIC), expecting identifier (T_STRING) or \\ (T_NS_SEPARATOR) or '{'' in /Library/WebServer/Documents/laravel5/public/phpGrid_Enterprise/conf.php:2
Stack trace:
#0 {main}  
[2015-06-09 15:34:42] local.ERROR: exception 'Symfony\Component\Debug\Exception\FatalErrorException' with message 'syntax error, unexpected 'public' (T_PUBLIC), expecting identifier (T_STRING) or \\ (T_NS_SEPARATOR) or '{'' in /Library/WebServer/Documents/laravel5/public/phpGrid_Enterprise/conf.php:2
Stack trace:
#0 {main}  
[2015-06-09 15:34:43] local.ERROR: exception 'Symfony\Component\Debug\Exception\FatalErrorException' with message 'syntax error, unexpected 'public' (T_PUBLIC), expecting identifier (T_STRING) or \\ (T_NS_SEPARATOR) or '{'' in /Library/WebServer/Documents/laravel5/public/phpGrid_Enterprise/conf.php:2
Stack trace:
#0 {main}  
[2015-06-09 15:34:43] local.ERROR: exception 'Symfony\Component\Debug\Exception\FatalErrorException' with message 'syntax error, unexpected 'public' (T_PUBLIC), expecting identifier (T_STRING) or \\ (T_NS_SEPARATOR) or '{'' in /Library/WebServer/Documents/laravel5/public/phpGrid_Enterprise/conf.php:2
Stack trace:
#0 {main}  
[2015-06-09 15:34:43] local.ERROR: exception 'Symfony\Component\Debug\Exception\FatalErrorException' with message 'syntax error, unexpected 'public' (T_PUBLIC), expecting identifier (T_STRING) or \\ (T_NS_SEPARATOR) or '{'' in /Library/WebServer/Documents/laravel5/public/phpGrid_Enterprise/conf.php:2
Stack trace:
#0 {main}  
[2015-06-09 15:34:43] local.ERROR: exception 'Symfony\Component\Debug\Exception\FatalErrorException' with message 'syntax error, unexpected 'public' (T_PUBLIC), expecting identifier (T_STRING) or \\ (T_NS_SEPARATOR) or '{'' in /Library/WebServer/Documents/laravel5/public/phpGrid_Enterprise/conf.php:2
Stack trace:
#0 {main}  
[2015-06-09 15:34:44] local.ERROR: exception 'Symfony\Component\Debug\Exception\FatalErrorException' with message 'syntax error, unexpected 'public' (T_PUBLIC), expecting identifier (T_STRING) or \\ (T_NS_SEPARATOR) or '{'' in /Library/WebServer/Documents/laravel5/public/phpGrid_Enterprise/conf.php:2
Stack trace:
#0 {main}  
[2015-06-09 15:34:44] local.ERROR: exception 'Symfony\Component\Debug\Exception\FatalErrorException' with message 'syntax error, unexpected 'public' (T_PUBLIC), expecting identifier (T_STRING) or \\ (T_NS_SEPARATOR) or '{'' in /Library/WebServer/Documents/laravel5/public/phpGrid_Enterprise/conf.php:2
Stack trace:
#0 {main}  
[2015-06-09 15:34:44] local.ERROR: exception 'Symfony\Component\Debug\Exception\FatalErrorException' with message 'syntax error, unexpected 'public' (T_PUBLIC), expecting identifier (T_STRING) or \\ (T_NS_SEPARATOR) or '{'' in /Library/WebServer/Documents/laravel5/public/phpGrid_Enterprise/conf.php:2
Stack trace:
#0 {main}  
[2015-06-09 15:34:44] local.ERROR: exception 'Symfony\Component\Debug\Exception\FatalErrorException' with message 'syntax error, unexpected 'public' (T_PUBLIC), expecting identifier (T_STRING) or \\ (T_NS_SEPARATOR) or '{'' in /Library/WebServer/Documents/laravel5/public/phpGrid_Enterprise/conf.php:2
Stack trace:
#0 {main}  
[2015-06-09 15:34:45] local.ERROR: exception 'Symfony\Component\Debug\Exception\FatalErrorException' with message 'syntax error, unexpected 'public' (T_PUBLIC), expecting identifier (T_STRING) or \\ (T_NS_SEPARATOR) or '{'' in /Library/WebServer/Documents/laravel5/public/phpGrid_Enterprise/conf.php:2
Stack trace:
#0 {main}  
[2015-06-09 15:34:45] local.ERROR: exception 'Symfony\Component\Debug\Exception\FatalErrorException' with message 'syntax error, unexpected 'public' (T_PUBLIC), expecting identifier (T_STRING) or \\ (T_NS_SEPARATOR) or '{'' in /Library/WebServer/Documents/laravel5/public/phpGrid_Enterprise/conf.php:2
Stack trace:
#0 {main}  
[2015-06-09 15:34:45] local.ERROR: exception 'Symfony\Component\Debug\Exception\FatalErrorException' with message 'syntax error, unexpected 'public' (T_PUBLIC), expecting identifier (T_STRING) or \\ (T_NS_SEPARATOR) or '{'' in /Library/WebServer/Documents/laravel5/public/phpGrid_Enterprise/conf.php:2
Stack trace:
#0 {main}  
[2015-06-09 15:34:45] local.ERROR: exception 'Symfony\Component\Debug\Exception\FatalErrorException' with message 'syntax error, unexpected 'public' (T_PUBLIC), expecting identifier (T_STRING) or \\ (T_NS_SEPARATOR) or '{'' in /Library/WebServer/Documents/laravel5/public/phpGrid_Enterprise/conf.php:2
Stack trace:
#0 {main}  
[2015-06-09 15:34:46] local.ERROR: exception 'Symfony\Component\Debug\Exception\FatalErrorException' with message 'syntax error, unexpected 'public' (T_PUBLIC), expecting identifier (T_STRING) or \\ (T_NS_SEPARATOR) or '{'' in /Library/WebServer/Documents/laravel5/public/phpGrid_Enterprise/conf.php:2
Stack trace:
#0 {main}  
[2015-06-09 15:34:46] local.ERROR: exception 'Symfony\Component\Debug\Exception\FatalErrorException' with message 'syntax error, unexpected 'public' (T_PUBLIC), expecting identifier (T_STRING) or \\ (T_NS_SEPARATOR) or '{'' in /Library/WebServer/Documents/laravel5/public/phpGrid_Enterprise/conf.php:2
Stack trace:
#0 {main}  
[2015-06-09 15:34:53] local.ERROR: exception 'Symfony\Component\Debug\Exception\FatalErrorException' with message 'Class 'App\Http\Controllers\C_DataGrid' not found' in /Library/WebServer/Documents/laravel5/app/Http/Controllers/DashboardController.php:35
Stack trace:
#0 {main}  
[2015-06-09 15:34:57] local.ERROR: exception 'Symfony\Component\Debug\Exception\FatalErrorException' with message 'Class 'App\Http\Controllers\C_DataGrid' not found' in /Library/WebServer/Documents/laravel5/app/Http/Controllers/DashboardController.php:35
Stack trace:
#0 {main}  
[2015-06-09 15:34:58] local.ERROR: exception 'Symfony\Component\Debug\Exception\FatalErrorException' with message 'Class 'App\Http\Controllers\C_DataGrid' not found' in /Library/WebServer/Documents/laravel5/app/Http/Controllers/DashboardController.php:35
Stack trace:
#0 {main}  
[2015-06-09 15:35:00] local.ERROR: exception 'Symfony\Component\Debug\Exception\FatalErrorException' with message 'Class 'App\Http\Controllers\C_DataGrid' not found' in /Library/WebServer/Documents/laravel5/app/Http/Controllers/DashboardController.php:35
Stack trace:
#0 {main}  
[2015-06-09 15:35:17] local.ERROR: exception 'Symfony\Component\Debug\Exception\FatalErrorException' with message 'Class 'App\Http\Controllers\C_DataGrid' not found' in /Library/WebServer/Documents/laravel5/app/Http/Controllers/DashboardController.php:35
Stack trace:
#0 {main}  
[2015-06-09 15:35:25] local.ERROR: exception 'Symfony\Component\Debug\Exception\FatalErrorException' with message 'Class 'App\Http\Controllers\phpGrid\C_DataGrid' not found' in /Library/WebServer/Documents/laravel5/app/Http/Controllers/DashboardController.php:35
Stack trace:
#0 {main}  
[2015-06-09 15:35:26] local.ERROR: exception 'Symfony\Component\Debug\Exception\FatalErrorException' with message 'Class 'App\Http\Controllers\phpGrid\C_DataGrid' not found' in /Library/WebServer/Documents/laravel5/app/Http/Controllers/DashboardController.php:35
Stack trace:
#0 {main}  
[2015-06-09 15:35:26] local.ERROR: exception 'Symfony\Component\Debug\Exception\FatalErrorException' with message 'Class 'App\Http\Controllers\phpGrid\C_DataGrid' not found' in /Library/WebServer/Documents/laravel5/app/Http/Controllers/DashboardController.php:35
Stack trace:
#0 {main}  
[2015-06-09 15:35:26] local.ERROR: exception 'Symfony\Component\Debug\Exception\FatalErrorException' with message 'Class 'App\Http\Controllers\phpGrid\C_DataGrid' not found' in /Library/WebServer/Documents/laravel5/app/Http/Controllers/DashboardController.php:35
Stack trace:
#0 {main}  
[2015-06-09 15:35:26] local.ERROR: exception 'Symfony\Component\Debug\Exception\FatalErrorException' with message 'Class 'App\Http\Controllers\phpGrid\C_DataGrid' not found' in /Library/WebServer/Documents/laravel5/app/Http/Controllers/DashboardController.php:35
Stack trace:
#0 {main}  
[2015-06-09 15:35:27] local.ERROR: exception 'Symfony\Component\Debug\Exception\FatalErrorException' with message 'Class 'App\Http\Controllers\phpGrid\C_DataGrid' not found' in /Library/WebServer/Documents/laravel5/app/Http/Controllers/DashboardController.php:35
Stack trace:
#0 {main}  
[2015-06-09 15:35:43] local.ERROR: exception 'Symfony\Component\Debug\Exception\FatalErrorException' with message 'Class 'App\Http\Controllers\phpGrid' not found' in /Library/WebServer/Documents/laravel5/app/Http/Controllers/DashboardController.php:35
Stack trace:
#0 {main}  
[2015-06-09 15:35:54] local.ERROR: exception 'Symfony\Component\Debug\Exception\FatalErrorException' with message 'syntax error, unexpected '.'' in /Library/WebServer/Documents/laravel5/app/Http/Controllers/DashboardController.php:35
Stack trace:
#0 {main}  
[2015-06-09 15:35:55] local.ERROR: exception 'Symfony\Component\Debug\Exception\FatalErrorException' with message 'syntax error, unexpected '.'' in /Library/WebServer/Documents/laravel5/app/Http/Controllers/DashboardController.php:35
Stack trace:
#0 {main}  
[2015-06-09 15:35:56] local.ERROR: exception 'Symfony\Component\Debug\Exception\FatalErrorException' with message 'syntax error, unexpected '.'' in /Library/WebServer/Documents/laravel5/app/Http/Controllers/DashboardController.php:35
Stack trace:
#0 {main}  
[2015-06-09 15:36:01] local.ERROR: exception 'Symfony\Component\Debug\Exception\FatalErrorException' with message 'syntax error, unexpected '.'' in /Library/WebServer/Documents/laravel5/app/Http/Controllers/DashboardController.php:35
Stack trace:
#0 {main}  
[2015-06-09 15:36:04] local.ERROR: exception 'Symfony\Component\Debug\Exception\FatalErrorException' with message 'Class 'App\Http\Controllers\phpGrid\C_DataGrid' not found' in /Library/WebServer/Documents/laravel5/app/Http/Controllers/DashboardController.php:35
Stack trace:
#0 {main}  
