[2015-07-17 09:03:09] local.ERROR: exception 'ErrorException' with message 'Use of undefined constant MCRYPT_RIJNDAEL_128 - assumed 'MCRYPT_RIJNDAEL_128'' in /Library/WebServer/Documents/laravel5-bootstrap3/vendor/laravel/framework/src/Illuminate/Encryption/EncryptionServiceProvider.php:16
Stack trace:
#0 /Library/WebServer/Documents/laravel5-bootstrap3/vendor/laravel/framework/src/Illuminate/Encryption/EncryptionServiceProvider.php(16): Illuminate\Foundation\Bootstrap\HandleExceptions->handleError(8, 'Use of undefine...', '/Library/WebSer...', 16, Array)
#1 /Library/WebServer/Documents/laravel5-bootstrap3/vendor/laravel/framework/src/Illuminate/Container/Container.php(773): Illuminate\Encryption\EncryptionServiceProvider->Illuminate\Encryption\{closure}(Object(Illuminate\Foundation\Application), Array)
#2 /Library/WebServer/Documents/laravel5-bootstrap3/vendor/laravel/framework/src/Illuminate/Container/Container.php(656): Illuminate\Container\Container->build(Object(Closure), Array)
#3 /Library/WebServer/Documents/laravel5-bootstrap3/vendor/laravel/framework/src/Illuminate/Foundation/Application.php(613): Illuminate\Container\Container->make('encrypter', Array)
#4 /Library/WebServer/Documents/laravel5-bootstrap3/vendor/laravel/framework/src/Illuminate/Container/Container.php(887): Illuminate\Foundation\Application->make('Illuminate\\Cont...')
#5 /Library/WebServer/Documents/laravel5-bootstrap3/vendor/laravel/framework/src/Illuminate/Container/Container.php(848): Illuminate\Container\Container->resolveClass(Object(ReflectionParameter))
#6 /Library/WebServer/Documents/laravel5-bootstrap3/vendor/laravel/framework/src/Illuminate/Container/Container.php(813): Illuminate\Container\Container->getDependencies(Array, Array)
#7 /Library/WebServer/Documents/laravel5-bootstrap3/vendor/laravel/framework/src/Illuminate/Container/Container.php(656): Illuminate\Container\Container->build('Illuminate\\Cook...', Array)
#8 /Library/WebServer/Documents/laravel5-bootstrap3/vendor/laravel/framework/src/Illuminate/Foundation/Application.php(613): Illuminate\Container\Container->make('Illuminate\\Cook...', Array)
#9 /Library/WebServer/Documents/laravel5-bootstrap3/vendor/laravel/framework/src/Illuminate/Pipeline/Pipeline.php(124): Illuminate\Foundation\Application->make('Illuminate\\Cook...')
#10 /Library/WebServer/Documents/laravel5-bootstrap3/vendor/laravel/framework/src/Illuminate/Foundation/Http/Middleware/CheckForMaintenanceMode.php(42): Illuminate\Pipeline\Pipeline->Illuminate\Pipeline\{closure}(Object(Illuminate\Http\Request))
#11 /Library/WebServer/Documents/laravel5-bootstrap3/vendor/laravel/framework/src/Illuminate/Pipeline/Pipeline.php(125): Illuminate\Foundation\Http\Middleware\CheckForMaintenanceMode->handle(Object(Illuminate\Http\Request), Object(Closure))
#12 [internal function]: Illuminate\Pipeline\Pipeline->Illuminate\Pipeline\{closure}(Object(Illuminate\Http\Request))
#13 /Library/WebServer/Documents/laravel5-bootstrap3/vendor/laravel/framework/src/Illuminate/Pipeline/Pipeline.php(101): call_user_func(Object(Closure), Object(Illuminate\Http\Request))
#14 /Library/WebServer/Documents/laravel5-bootstrap3/vendor/laravel/framework/src/Illuminate/Foundation/Http/Kernel.php(111): Illuminate\Pipeline\Pipeline->then(Object(Closure))
#15 /Library/WebServer/Documents/laravel5-bootstrap3/vendor/laravel/framework/src/Illuminate/Foundation/Http/Kernel.php(84): Illuminate\Foundation\Http\Kernel->sendRequestThroughRouter(Object(Illuminate\Http\Request))
#16 /Library/WebServer/Documents/laravel5-bootstrap3/public/index.php(53): Illuminate\Foundation\Http\Kernel->handle(Object(Illuminate\Http\Request))
#17 {main}  
[2015-07-17 09:03:09] local.ERROR: exception 'Symfony\Component\Debug\Exception\FatalErrorException' with message 'Call to undefined function Illuminate\Encryption\mcrypt_get_iv_size()' in /Library/WebServer/Documents/laravel5-bootstrap3/vendor/laravel/framework/src/Illuminate/Encryption/Encrypter.php:303
Stack trace:
#0 /Library/WebServer/Documents/laravel5-bootstrap3/vendor/laravel/framework/src/Illuminate/Foundation/Bootstrap/HandleExceptions.php(131): Symfony\Component\Debug\Exception\FatalErrorException->__construct()
#1 /Library/WebServer/Documents/laravel5-bootstrap3/vendor/laravel/framework/src/Illuminate/Foundation/Bootstrap/HandleExceptions.php(116): Illuminate\Foundation\Bootstrap\HandleExceptions->fatalExceptionFromError()
#2 /Library/WebServer/Documents/laravel5-bootstrap3/vendor/laravel/framework/src/Illuminate/Foundation/Bootstrap/HandleExceptions.php(0): Illuminate\Foundation\Bootstrap\HandleExceptions->handleShutdown()
#3 /Library/WebServer/Documents/laravel5-bootstrap3/vendor/laravel/framework/src/Illuminate/Encryption/Encrypter.php(280): Illuminate\Encryption\Encrypter->updateBlockSize()
#4 /Library/WebServer/Documents/laravel5-bootstrap3/vendor/laravel/framework/src/Illuminate/Encryption/EncryptionServiceProvider.php(20): Illuminate\Encryption\Encrypter->setCipher()
#5 /Library/WebServer/Documents/laravel5-bootstrap3/vendor/laravel/framework/src/Illuminate/Container/Container.php(773): Illuminate\Encryption\EncryptionServiceProvider->Illuminate\Encryption\{closure}()
#6 /Library/WebServer/Documents/laravel5-bootstrap3/vendor/laravel/framework/src/Illuminate/Container/Container.php(656): Illuminate\Container\Container->build()
#7 /Library/WebServer/Documents/laravel5-bootstrap3/vendor/laravel/framework/src/Illuminate/Foundation/Application.php(613): Illuminate\Container\Container->make()
#8 /Library/WebServer/Documents/laravel5-bootstrap3/vendor/laravel/framework/src/Illuminate/Container/Container.php(887): Illuminate\Foundation\Application->make()
#9 /Library/WebServer/Documents/laravel5-bootstrap3/vendor/laravel/framework/src/Illuminate/Container/Container.php(848): Illuminate\Container\Container->resolveClass()
#10 /Library/WebServer/Documents/laravel5-bootstrap3/vendor/laravel/framework/src/Illuminate/Container/Container.php(813): Illuminate\Container\Container->getDependencies()
#11 /Library/WebServer/Documents/laravel5-bootstrap3/vendor/laravel/framework/src/Illuminate/Container/Container.php(656): Illuminate\Container\Container->build()
#12 /Library/WebServer/Documents/laravel5-bootstrap3/vendor/laravel/framework/src/Illuminate/Foundation/Application.php(613): Illuminate\Container\Container->make()
#13 /Library/WebServer/Documents/laravel5-bootstrap3/vendor/laravel/framework/src/Illuminate/Foundation/Http/Kernel.php(127): Illuminate\Foundation\Application->make()
#14 /Library/WebServer/Documents/laravel5-bootstrap3/public/index.php(57): Illuminate\Foundation\Http\Kernel->terminate()
#15 /Library/WebServer/Documents/laravel5-bootstrap3/public/index.php(0): {main}()
#16 {main}  
